<?xml version="1.0" encoding="UTF-8"?>
<testng-results ignored="0" total="1" passed="1" failed="0" skipped="0">
  <reporter-output>
  </reporter-output>
  <suite started-at="2021-02-20T12:30:00 MST" name="etsy test suite" finished-at="2021-02-20T12:30:11 MST" duration-ms="10851">
    <groups>
    </groups>
    <test started-at="2021-02-20T12:30:00 MST" name="etsy search test" finished-at="2021-02-20T12:30:11 MST" duration-ms="10851">
      <class name="test.java.selenium.testng.EtsySearchJava">
        <test-method is-config="true" signature="setup()[pri:0, instance:test.java.selenium.testng.EtsySearchJava@32a068d1]" started-at="2021-02-20T12:30:00 MST" name="setup" finished-at="2021-02-20T12:30:03 MST" duration-ms="2760" status="PASS">
          <reporter-output>
          </reporter-output>
        </test-method> <!-- setup -->
        <test-method signature="etsySearch(java.lang.String)[pri:0, instance:test.java.selenium.testng.EtsySearchJava@32a068d1]" started-at="2021-02-20T12:30:03 MST" name="etsySearch" finished-at="2021-02-20T12:30:11 MST" duration-ms="8012" status="PASS">
          <params>
            <param index="0">
              <value>
                <![CDATA[java programming mug]]>
              </value>
            </param>
          </params>
          <reporter-output>
          </reporter-output>
        </test-method> <!-- etsySearch -->
      </class> <!-- test.java.selenium.testng.EtsySearchJava -->
    </test> <!-- etsy search test -->
  </suite> <!-- etsy test suite -->
</testng-results>
